#
# A fatal error has been detected by the Java Runtime Environment:
#
#  EXCEPTION_ACCESS_VIOLATION (0xc0000005) at pc=0x00007ff860c626c4, pid=9828, tid=12124
#
# JRE version: OpenJDK Runtime Environment (24.0.1+9) (build 24.0.1+9-30)
# Java VM: OpenJDK 64-Bit Server VM (24.0.1+9-30, mixed mode, emulated-client, sharing, tiered, compressed oops, compressed class ptrs, g1 gc, windows-amd64)
# Problematic frame:
# C  [libasyncProfiler.dll+0x926c4]
#
# No core dump will be written. Minidumps are not enabled by default on client versions of Windows
#
# JFR recording file will be written. Location: C:\Users\vhflo\Desktop\ProjetoSALF-BranchGeral\hs_err_pid9828.jfr
#
# If you would like to submit a bug report, please visit:
#   https://bugreport.java.com/bugreport/crash.jsp
# The crash happened outside the Java Virtual Machine in native code.
# See problematic frame for where to report the bug.
#

---------------  S U M M A R Y ------------

Command Line: -XX:TieredStopAtLevel=1 -Dspring.output.ansi.enabled=always -Dcom.sun.management.jmxremote -Dspring.jmx.enabled=true -Dspring.liveBeansView.mbeanDomain -Dspring.application.admin.enabled=true -Dmanagement.endpoints.jmx.exposure.include=* -javaagent:C:\Program Files\JetBrains\IntelliJ IDEA 2025.1.1.1\lib\idea_rt.jar=61548 -Dfile.encoding=UTF-8 -Dsun.stdout.encoding=UTF-8 -Dsun.stderr.encoding=UTF-8 projetoSalf.mvc.AppProjetoSALF

Host: Intel(R) Core(TM) i3-9100F CPU @ 3.60GHz, 4 cores, 15G,  Windows 10 , 64 bit Build 19041 (10.0.19041.5794)
Time: Wed May 28 23:02:50 2025 Hora oficial do Brasil elapsed time: 250.829164 seconds (0d 0h 4m 10s)

---------------  T H R E A D  ---------------

Current thread (0x00000216ff140840):  JavaThread "Attach Listener" daemon [_thread_in_native, id=12124, stack(0x000000aa2bc00000,0x000000aa2bd00000) (1024K)]

Stack: [0x000000aa2bc00000,0x000000aa2bd00000],  sp=0x000000aa2bcff070,  free space=1020k
Native frames: (J=compiled Java code, j=interpreted, Vv=VM code, C=native code)
C  [libasyncProfiler.dll+0x926c4]  (no source info available)
C  [libasyncProfiler.dll+0x92b9b]  (no source info available)
C  [libasyncProfiler.dll+0x917f4]  (no source info available)
C  [libasyncProfiler.dll+0x9206a]  (no source info available)
C  [libasyncProfiler.dll+0x8cc21]  (no source info available)
C  [libasyncProfiler.dll+0x7e5e1]  (no source info available)
C  [libasyncProfiler.dll+0x7d2f8]  (no source info available)
C  [libasyncProfiler.dll+0x7d1e0]  (no source info available)
C  [libasyncProfiler.dll+0x841b9]  (no source info available)
V  [jvm.dll+0x57eff7]  (no source info available)
V  [jvm.dll+0x57fdac]  (no source info available)
V  [jvm.dll+0x14ca17]  (no source info available)
V  [jvm.dll+0x14dfe1]  (no source info available)
V  [jvm.dll+0x42f456]  (no source info available)
V  [jvm.dll+0x87d76b]  (no source info available)
V  [jvm.dll+0x72ee55]  (no source info available)
C  [ucrtbase.dll+0x21bb2]  (no source info available)
C  [KERNEL32.DLL+0x17374]  (no source info available)
C  [ntdll.dll+0x4cc91]  (no source info available)


siginfo: EXCEPTION_ACCESS_VIOLATION (0xc0000005), reading address 0xffffffffffffffff


Registers:
RAX=0x0000000000000010, RBX=0x0000000000000000, RCX=0xffffffffffffffff, RDX=0x007ff81965300010
RSP=0x000000aa2bcff070, RBP=0x00000216c5063800, RSI=0x000000aa2bcff1e0, RDI=0x00000216c5063800
R8 =0x0000000000000042, R9 =0x0000000701000000, R10=0x00007ff8198c9fb0, R11=0x0000000000000014
R12=0x000000aa2bcff1e0, R13=0x00000216c6a6b970, R14=0x00000216ff140c08, R15=0x00000216ff140c08
RIP=0x00007ff860c626c4, EFLAGS=0x0000000000010202

XMM[0]=0x0000000000000000 0x0000000000000000
XMM[1]=0x0000000000000000 0x0000000000000000
XMM[2]=0x0000000000000000 0x0000000000000000
XMM[3]=0x0000000000000000 0x0000000000000000
XMM[4]=0x0000000000000000 0x0000000000000000
XMM[5]=0x0000000000000000 0x0000000000000000
XMM[6]=0x0000000000000000 0x0000000000000000
XMM[7]=0x0000000000000000 0x0000000000000000
XMM[8]=0x0000000000000000 0x0000000000000000
XMM[9]=0x0000000000000000 0x0000000000000000
XMM[10]=0x0000000000000000 0x0000000000000000
XMM[11]=0x0000000000000000 0x0000000000000000
XMM[12]=0x0000000000000000 0x0000000000000000
XMM[13]=0x0000000000000000 0x0000000000000000
XMM[14]=0x0000000000000000 0x0000000000000000
XMM[15]=0x0000000000000000 0x0000000000000000
  MXCSR=0x00001fa0


Register to memory mapping:

RAX=0x0000000000000010 is an unknown value
RBX=0x0 is null
RCX=0xffffffffffffffff is an unknown value
RDX=0x007ff81965300010 is an unknown value
RSP=0x000000aa2bcff070 is pointing into the stack for thread: 0x00000216ff140840
RBP=0x00000216c5063800 points into unknown readable memory: 0x0000000701000000 | 00 00 00 01 07 00 00 00
RSI=0x000000aa2bcff1e0 is pointing into the stack for thread: 0x00000216ff140840
RDI=0x00000216c5063800 points into unknown readable memory: 0x0000000701000000 | 00 00 00 01 07 00 00 00
R8 =0x0000000000000042 is an unknown value
R9 =0x0000000701000000 is an oop: java.lang.ref.Reference$ReferenceHandler 
{0x0000000701000000} - klass: 'java/lang/ref/Reference$ReferenceHandler' - flags: 

 - ---- fields (total size 14 words):
 - 'threadLocalRandomProbe' 'I' @12  0 (0x00000000)
 - private volatile 'eetop' 'J' @16  2297792012288 (0x00000216ff13a000)
 - private final 'tid' 'J' @24  13 (0x000000000000000d)
 - 'threadLocalRandomSeed' 'J' @32  0 (0x0000000000000000)
 - injected 'jvmti_thread_state' 'J' @40  2296846408464 (0x00000216c6b6db10)
 - 'threadLocalRandomSecondarySeed' 'I' @48  0 (0x00000000)
 - injected 'jvmti_VTMS_transition_disable_count' 'I' @52  0 (0x00000000)
 - injected 'jfr_epoch' 'S' @56  0 (0x0000)
 - volatile 'interrupted' 'Z' @58  false (0x00)
 - injected 'jvmti_is_in_VTMS_transition' 'Z' @59  false (0x00)
 - private volatile 'name' 'Ljava/lang/String;' @60  "Reference Handler"{0x000000070199ea40} (0xe0333d48)
 - private volatile 'contextClassLoader' 'Ljava/lang/ClassLoader;' @64  null (0x00000000)
 - private final 'holder' 'Ljava/lang/Thread$FieldHolder;' @68  a 'java/lang/Thread$FieldHolder'{0x0000000701882918} (0xe0310523)
 - 'threadLocals' 'Ljava/lang/ThreadLocal$ThreadLocalMap;' @72  null (0x00000000)
 - 'inheritableThreadLocals' 'Ljava/lang/ThreadLocal$ThreadLocalMap;' @76  null (0x00000000)
 - private 'scopedValueBindings' 'Ljava/lang/Object;' @80  a 'java/lang/Class'{0x0000000701935c70} = 'java/lang/Thread' (0xe0326b8e)
 - final 'interruptLock' 'Ljava/lang/Object;' @84  a 'java/lang/Object'{0x0000000701882628} (0xe03104c5)
 - private volatile 'parkBlocker' 'Ljava/lang/Object;' @88  null (0x00000000)
 - private 'nioBlocker' 'Lsun/nio/ch/Interruptible;' @92  null (0x00000000)
 - private 'cont' 'Ljdk/internal/vm/Continuation;' @96  null (0x00000000)
 - private volatile 'uncaughtExceptionHandler' 'Ljava/lang/Thread$UncaughtExceptionHandler;' @100  null (0x00000000)
 - private 'container' 'Ljdk/internal/vm/ThreadContainer;' @104  null (0x00000000)
 - private volatile 'headStackableScopes' 'Ljdk/internal/vm/StackableScope;' @108  null (0x00000000)
R10=0x00007ff8198c9fb0 jvm.dll
R11=0x0000000000000014 is an unknown value
R12=0x000000aa2bcff1e0 is pointing into the stack for thread: 0x00000216ff140840
R13=0x00000216c6a6b970 points into unknown readable memory: 0x00007ff81983a510 | 10 a5 83 19 f8 7f 00 00
R14=0x00000216ff140c08 points into unknown readable memory: 0x00007ff8198317b0 | b0 17 83 19 f8 7f 00 00
R15=0x00000216ff140c08 points into unknown readable memory: 0x00007ff8198317b0 | b0 17 83 19 f8 7f 00 00

Top of Stack: (sp=0x000000aa2bcff070)
0x000000aa2bcff070:   000000aa2bcff1e0 00000216c5063800   ...+.....8......
0x000000aa2bcff080:   0000000000000000 00000216ff144620   ........ F......
0x000000aa2bcff090:   0000000000000030 00007ff860c62b9b   0........+.`....
0x000000aa2bcff0a0:   0000000000000000 00000216ff140c08   ................
0x000000aa2bcff0b0:   000000aa2bcff101 0000000000000000   ...+............
0x000000aa2bcff0c0:   00000216c68cd880 00007ff860c617f4   ...........`....
0x000000aa2bcff0d0:   0000000000000000 0000000000000030   ........0.......
0x000000aa2bcff0e0:   0000000000000000 0000000000000030   ........0.......
0x000000aa2bcff0f0:   0000001f00000000 00000216c58c8790   ................
0x000000aa2bcff100:   00000216c68cd880 00000216c68cd940   ........@.......
0x000000aa2bcff110:   00000216c68cd97c 00000000000016c8   |...............
0x000000aa2bcff120:   0000000000000000 0000000000000000   ................
0x000000aa2bcff130:   0000000000000000 00007ff8190957d4   .........W......
0x000000aa2bcff140:   00007ff860da4ca0 0000000000002664   .L.`....d&......
0x000000aa2bcff150:   00007ff860da4ca0 00000000ffffffff   .L.`............
0x000000aa2bcff160:   0000000000000000 00007ff860c6206a   ........j .`....
0x000000aa2bcff170:   00000216ff140c08 0000000000000000   ................
0x000000aa2bcff180:   000000aa2bcff1e9 00000216c6a6b970   ...+....p.......
0x000000aa2bcff190:   0000000000000003 0000000000000048   ........H.......
0x000000aa2bcff1a0:   0000000800800310 0000000000000020   ........ .......
0x000000aa2bcff1b0:   00000216ff140c08 00007ff860da4ca0   .........L.`....
0x000000aa2bcff1c0:   00000216ff1460c0 00000216c6b6db10   .`..............
0x000000aa2bcff1d0:   0000000800800390 00000216ff140c08   ................
0x000000aa2bcff1e0:   00000216c8d04010 00000216c8d04610   .@.......F......
0x000000aa2bcff1f0:   00000216c8d04610 00007ff860da4ca0   .F.......L.`....
0x000000aa2bcff200:   000000aa2bcff378 00000216ea0f0000   x..+............
0x000000aa2bcff210:   000000aa2bcff4b0 0000000000008840   ...+....@.......
0x000000aa2bcff220:   000000aa2bcff690 00007ff860da4cf0   ...+.....L.`....
0x000000aa2bcff230:   0000000000989680 0000000000989680   ................
0x000000aa2bcff240:   000000aa2bcff350 00007ff860c5cc21   P..+....!..`....
0x000000aa2bcff250:   00007ff860da4ca0 00007ff860da4cf8   .L.`.....L.`....
0x000000aa2bcff260:   00007ff800000000 00007ff800000001   ................

Instructions: (pc=0x00007ff860c626c4)
  0x00007ff860c625c4:   cc cc cc cc cc cc cc cc cc cc cc cc cc cc cc cc
  0x00007ff860c625d4:   cc cc cc cc cc cc cc cc cc cc cc cc cc cc cc cc
  0x00007ff860c625e4:   cc cc cc cc cc cc cc cc cc cc cc cc cc cc cc cc
  0x00007ff860c625f4:   cc cc cc cc cc cc cc cc cc cc cc cc cc cc cc cc
  0x00007ff860c62604:   cc cc cc cc cc cc cc cc cc cc cc cc cc cc cc cc
  0x00007ff860c62614:   cc cc cc cc cc cc cc cc cc cc cc cc cc cc cc cc
  0x00007ff860c62624:   cc cc cc cc cc cc cc cc cc cc cc cc cc cc cc cc
  0x00007ff860c62634:   cc cc cc cc cc cc cc cc cc cc cc cc cc cc cc cc
  0x00007ff860c62644:   cc cc cc cc cc cc cc cc cc cc cc cc 40 57 48 83
  0x00007ff860c62654:   ec 20 48 8b f9 48 8b 0d 10 28 14 00 48 85 c9 74
  0x00007ff860c62664:   20 48 8b 01 48 8d 54 24 38 41 b8 06 00 01 00 4c
  0x00007ff860c62674:   8b 48 30 41 ff d1 85 c0 75 07 48 8b 4c 24 38 eb
  0x00007ff860c62684:   02 33 c9 4c 8b 05 ea 28 14 00 48 89 5c 24 30 4d
  0x00007ff860c62694:   85 c0 74 4a 48 8b 01 48 8b d7 4c 8b 88 28 03 00
  0x00007ff860c626a4:   00 41 ff d1 48 85 c0 74 35 48 63 0d f8 e6 13 00
  0x00007ff860c626b4:   48 8b 14 01 48 85 d2 74 15 48 63 05 fc e6 13 00
=>0x00007ff860c626c4:   8b 04 10 48 8b 5c 24 30 48 83 c4 20 5f c3 b8 ff
  0x00007ff860c626d4:   ff ff ff 48 8b 5c 24 30 48 83 c4 20 5f c3 80 3d
  0x00007ff860c626e4:   9b 27 14 00 00 bb ff ff ff ff 74 20 4c 8b 0d 31
  0x00007ff860c626f4:   24 14 00 4c 8d 44 24 38 48 8b 0d 15 24 14 00 48
  0x00007ff860c62704:   8b d7 41 ff d1 85 c0 0f 44 5c 24 38 8b c3 48 8b
  0x00007ff860c62714:   5c 24 30 48 83 c4 20 5f c3 cc cc cc cc cc cc cc
  0x00007ff860c62724:   cc cc cc cc cc cc cc cc cc cc cc cc cc cc cc cc
  0x00007ff860c62734:   cc cc cc cc cc cc cc cc cc cc cc cc cc cc cc cc
  0x00007ff860c62744:   cc cc cc cc cc cc cc cc cc cc cc cc 48 89 54 24
  0x00007ff860c62754:   10 53 55 56 57 41 56 41 57 48 83 ec 28 48 8b f2
  0x00007ff860c62764:   4c 8b f1 48 89 4c 24 78 45 33 ff 44 89 7c 24 68
  0x00007ff860c62774:   c7 44 24 60 01 00 00 00 48 8d 4c 24 68 e8 ed 42
  0x00007ff860c62784:   f7 ff 8b d8 48 8d 4c 24 60 e8 e1 42 f7 ff 8b e8
  0x00007ff860c62794:   49 8b ce e8 00 fc f6 ff 48 8b f8 90 8b c3 f0 0f
  0x00007ff860c627a4:   b1 2f 74 04 f3 90 eb f4 4c 89 3e 4c 89 7e 08 4c
  0x00007ff860c627b4:   89 7e 10 49 8b 6e 08 4d 8b 76 10 49 3b ee 0f 84


Stack slot to memory mapping:

stack at sp + 0 slots: 0x000000aa2bcff1e0 is pointing into the stack for thread: 0x00000216ff140840
stack at sp + 1 slots: 0x00000216c5063800 points into unknown readable memory: 0x0000000701000000 | 00 00 00 01 07 00 00 00
stack at sp + 2 slots: 0x0 is null
stack at sp + 3 slots: 0x00000216ff144620 points into unknown readable memory: 0x6e616c2e6176616a | 6a 61 76 61 2e 6c 61 6e
stack at sp + 4 slots: 0x0000000000000030 is an unknown value
stack at sp + 5 slots: 0x00007ff860c62b9b libasyncProfiler.dll
stack at sp + 6 slots: 0x0 is null
stack at sp + 7 slots: 0x00000216ff140c08 points into unknown readable memory: 0x00007ff8198317b0 | b0 17 83 19 f8 7f 00 00

Lock stack of current Java thread (top to bottom):


---------------  P R O C E S S  ---------------

Threads class SMR info:
_java_thread_list=0x00000216c6dd6310, length=36, elements={
0x00000216ff13a000, 0x00000216ff13b170, 0x00000216ff142580, 0x00000216ff140840,
0x00000216ff1400f0, 0x00000216ff140f90, 0x00000216ff1451e0, 0x00000216ff1416e0,
0x00000216ff13f250, 0x00000216ff13f9a0, 0x00000216ff141e30, 0x00000216c59755f0,
0x00000216c5974ea0, 0x00000216c5976490, 0x00000216c5976be0, 0x00000216c5977330,
0x00000216c5977a80, 0x00000216c5979070, 0x00000216c597a660, 0x00000216c5974000,
0x00000216c59781d0, 0x00000216c59797c0, 0x00000216c59738b0, 0x00000216c597adb0,
0x00000216c5974750, 0x00000216c6c8c1b0, 0x00000216c6c90ad0, 0x00000216c6c8c900,
0x00000216c6c8ba60, 0x00000216c6c8abc0, 0x00000216c6c8d050, 0x00000216c6c8b310,
0x00000216c6c90380, 0x00000216c7049790, 0x00000216c8cbb130, 0x00000216c6c8e640
}

Java Threads: ( => current thread )
  0x00000216ff13a000 JavaThread "Reference Handler"          daemon [_thread_blocked, id=1896, stack(0x000000aa2b900000,0x000000aa2ba00000) (1024K)]
  0x00000216ff13b170 JavaThread "Finalizer"                  daemon [_thread_blocked, id=8408, stack(0x000000aa2ba00000,0x000000aa2bb00000) (1024K)]
  0x00000216ff142580 JavaThread "Signal Dispatcher"          daemon [_thread_blocked, id=2108, stack(0x000000aa2bb00000,0x000000aa2bc00000) (1024K)]
=>0x00000216ff140840 JavaThread "Attach Listener"            daemon [_thread_in_native, id=12124, stack(0x000000aa2bc00000,0x000000aa2bd00000) (1024K)]
  0x00000216ff1400f0 JavaThread "Service Thread"             daemon [_thread_blocked, id=12168, stack(0x000000aa2bd00000,0x000000aa2be00000) (1024K)]
  0x00000216ff140f90 JavaThread "Monitor Deflation Thread"   daemon [_thread_blocked, id=7612, stack(0x000000aa2be00000,0x000000aa2bf00000) (1024K)]
  0x00000216ff1451e0 JavaThread "C1 CompilerThread0"         daemon [_thread_blocked, id=4304, stack(0x000000aa2bf00000,0x000000aa2c000000) (1024K)]
  0x00000216ff1416e0 JavaThread "Common-Cleaner"             daemon [_thread_blocked, id=1360, stack(0x000000aa2c100000,0x000000aa2c200000) (1024K)]
  0x00000216ff13f250 JavaThread "Monitor Ctrl-Break"         daemon [_thread_in_native, id=7488, stack(0x000000aa2c400000,0x000000aa2c500000) (1024K)]
  0x00000216ff13f9a0 JavaThread "Notification Thread"        daemon [_thread_blocked, id=7164, stack(0x000000aa2c500000,0x000000aa2c600000) (1024K)]
  0x00000216ff141e30 JavaThread "RMI TCP Accept-0"           daemon [_thread_in_native, id=8664, stack(0x000000aa2c300000,0x000000aa2c400000) (1024K)]
  0x00000216c59755f0 JavaThread "RMI TCP Connection(1)-192.168.200.218" daemon [_thread_in_native, id=4356, stack(0x000000aa2c600000,0x000000aa2c700000) (1024K)]
  0x00000216c5974ea0 JavaThread "RMI Scheduler(0)"           daemon [_thread_blocked, id=5268, stack(0x000000aa2c700000,0x000000aa2c800000) (1024K)]
  0x00000216c5976490 JavaThread "JMX server connection timeout 29" daemon [_thread_blocked, id=10996, stack(0x000000aa2c800000,0x000000aa2c900000) (1024K)]
  0x00000216c5976be0 JavaThread "Catalina-utility-1"                [_thread_blocked, id=7052, stack(0x000000aa2ce00000,0x000000aa2cf00000) (1024K)]
  0x00000216c5977330 JavaThread "Catalina-utility-2"                [_thread_blocked, id=11784, stack(0x000000aa2cf00000,0x000000aa2d000000) (1024K)]
  0x00000216c5977a80 JavaThread "container-0"                       [_thread_blocked, id=12812, stack(0x000000aa2d000000,0x000000aa2d100000) (1024K)]
  0x00000216c5979070 JavaThread "File Watcher"               daemon [_thread_blocked, id=6072, stack(0x000000aa2d200000,0x000000aa2d300000) (1024K)]
  0x00000216c597a660 JavaThread "Live Reload Server"         daemon [_thread_in_native, id=14284, stack(0x000000aa2d100000,0x000000aa2d200000) (1024K)]
  0x00000216c5974000 JavaThread "http-nio-8080-exec-1"       daemon [_thread_blocked, id=13348, stack(0x000000aa2d300000,0x000000aa2d400000) (1024K)]
  0x00000216c59781d0 JavaThread "http-nio-8080-exec-2"       daemon [_thread_blocked, id=12312, stack(0x000000aa2d400000,0x000000aa2d500000) (1024K)]
  0x00000216c59797c0 JavaThread "http-nio-8080-exec-3"       daemon [_thread_blocked, id=1936, stack(0x000000aa2d500000,0x000000aa2d600000) (1024K)]
  0x00000216c59738b0 JavaThread "http-nio-8080-exec-4"       daemon [_thread_blocked, id=8000, stack(0x000000aa2d600000,0x000000aa2d700000) (1024K)]
  0x00000216c597adb0 JavaThread "http-nio-8080-exec-5"       daemon [_thread_blocked, id=8780, stack(0x000000aa2d700000,0x000000aa2d800000) (1024K)]
  0x00000216c5974750 JavaThread "http-nio-8080-exec-6"       daemon [_thread_blocked, id=13832, stack(0x000000aa2d800000,0x000000aa2d900000) (1024K)]
  0x00000216c6c8c1b0 JavaThread "http-nio-8080-exec-7"       daemon [_thread_blocked, id=14768, stack(0x000000aa2d900000,0x000000aa2da00000) (1024K)]
  0x00000216c6c90ad0 JavaThread "http-nio-8080-exec-8"       daemon [_thread_blocked, id=11748, stack(0x000000aa2da00000,0x000000aa2db00000) (1024K)]
  0x00000216c6c8c900 JavaThread "http-nio-8080-exec-9"       daemon [_thread_blocked, id=8524, stack(0x000000aa2db00000,0x000000aa2dc00000) (1024K)]
  0x00000216c6c8ba60 JavaThread "http-nio-8080-exec-10"      daemon [_thread_blocked, id=4148, stack(0x000000aa2dc00000,0x000000aa2dd00000) (1024K)]
  0x00000216c6c8abc0 JavaThread "http-nio-8080-Poller"       daemon [_thread_in_native, id=5072, stack(0x000000aa2dd00000,0x000000aa2de00000) (1024K)]
  0x00000216c6c8d050 JavaThread "http-nio-8080-Acceptor"     daemon [_thread_in_native, id=12568, stack(0x000000aa2de00000,0x000000aa2df00000) (1024K)]
  0x00000216c6c8b310 JavaThread "DestroyJavaVM"                     [_thread_blocked, id=12808, stack(0x000000aa2b100000,0x000000aa2b200000) (1024K)]
  0x00000216c6c90380 JavaThread "JFR Recorder Thread"        daemon [_thread_in_native, id=9948, stack(0x000000aa2af00000,0x000000aa2b000000) (1024K)]
  0x00000216c7049790 JavaThread "C1 CompilerThread1"         daemon [_thread_blocked, id=4364, stack(0x000000aa2b000000,0x000000aa2b100000) (1024K)]
  0x00000216c8cbb130 JavaThread "C1 CompilerThread2"         daemon [_thread_blocked, id=1792, stack(0x000000aa2c000000,0x000000aa2c100000) (1024K)]
  0x00000216c6c8e640 JavaThread "JFR Periodic Tasks"         daemon [_thread_blocked, id=5832, stack(0x000000aa2c200000,0x000000aa2c300000) (1024K)]
Total: 36

Other Threads:
  0x00000216ff126690 VMThread "VM Thread"                           [id=12264, stack(0x000000aa2b800000,0x000000aa2b900000) (1024K)]
  0x00000216ff11b5d0 WatcherThread "VM Periodic Task Thread"        [id=6448, stack(0x000000aa2b700000,0x000000aa2b800000) (1024K)]
  0x00000216ec45d540 WorkerThread "GC Thread#0"                     [id=8184, stack(0x000000aa2b200000,0x000000aa2b300000) (1024K)]
  0x00000216c5aec980 WorkerThread "GC Thread#1"                     [id=7916, stack(0x000000aa2cb00000,0x000000aa2cc00000) (1024K)]
  0x00000216c5aecd30 WorkerThread "GC Thread#2"                     [id=3944, stack(0x000000aa2cc00000,0x000000aa2cd00000) (1024K)]
  0x00000216c5aed0e0 WorkerThread "GC Thread#3"                     [id=12076, stack(0x000000aa2cd00000,0x000000aa2ce00000) (1024K)]
  0x00000216ec472370 ConcurrentGCThread "G1 Main Marker"            [id=10928, stack(0x000000aa2b300000,0x000000aa2b400000) (1024K)]
  0x00000216ec472d90 WorkerThread "G1 Conc#0"                       [id=7828, stack(0x000000aa2b400000,0x000000aa2b500000) (1024K)]
  0x00000216ec4beab0 ConcurrentGCThread "G1 Refine#0"               [id=1932, stack(0x000000aa2b500000,0x000000aa2b600000) (1024K)]
  0x00000216fefefb90 ConcurrentGCThread "G1 Service"                [id=4092, stack(0x000000aa2b600000,0x000000aa2b700000) (1024K)]
Total: 10

Threads with active compile tasks:
Total: 0

VM state: not at safepoint (normal execution)

VM Mutex/Monitor currently owned by a thread: None

Heap address: 0x0000000700e00000, size: 4082 MB, Compressed Oops mode: Zero based, Oop shift amount: 3

CDS archive(s) mapped at: [0x0000021680000000-0x0000021680d40000-0x0000021680d40000), size 13893632, SharedBaseAddress: 0x0000021680000000, ArchiveRelocationMode: 1.
Compressed class space mapped at: 0x0000021681000000-0x00000216c1000000, reserved size: 1073741824
UseCompressedClassPointers 1, UseCompactObjectHeaders 0
Narrow klass pointer bits 32, Max shift 3
Narrow klass base: 0x0000021680000000, Narrow klass shift: 0
Encoding Range: [0x0000021680000000 - 0x0000021780000000), (4294967296 bytes)
Klass Range:    [0x0000021680000000 - 0x00000216c1000000), (1090519040 bytes)
Klass ID Range:  [8 - 1090519033) (1090519025)

GC Precious Log:
 CardTable entry size: 512
 Card Set container configuration: InlinePtr #cards 4 size 8 Array Of Cards #cards 16 size 48 Howl #buckets 8 coarsen threshold 3686 Howl Bitmap #cards 512 size 80 coarsen threshold 460 Card regions per heap region 1 cards per card region 4096
 CPUs: 4 total, 4 available
 Memory: 16324M
 Large Page Support: Disabled
 NUMA Support: Disabled
 Compressed Oops: Enabled (Zero based)
 Heap Region Size: 2M
 Heap Min Capacity: 8M
 Heap Initial Capacity: 256M
 Heap Max Capacity: 4082M
 Pre-touch: Disabled
 Parallel Workers: 4
 Concurrent Workers: 1
 Concurrent Refinement Workers: 4
 Periodic GC: Disabled

Heap:
 garbage-first heap   total reserved 4179968K, committed 49152K, used 33985K [0x0000000700e00000, 0x0000000800000000)
  region size 2048K, 9 young (18432K), 1 survivors (2048K)
 Metaspace       used 34475K, committed 34880K, reserved 1114112K
  class space    used 3934K, committed 4096K, reserved 1048576K

Heap Regions: E=young(eden), S=young(survivor), O=old, HS=humongous(starts), HC=humongous(continues), CS=collection set, F=free, TAMS=top-at-mark-start, PB=parsable bottom
|   0|0x0000000700e00000, 0x0000000700eeb658, 0x0000000701000000| 45%| O|  |TAMS 0x0000000700e00000| PB 0x0000000700e00000| Untracked |  0
|   1|0x0000000701000000, 0x0000000701200000, 0x0000000701200000|100%| O|  |TAMS 0x0000000701000000| PB 0x0000000701000000| Untracked |  0
|   2|0x0000000701200000, 0x0000000701400000, 0x0000000701400000|100%| O|  |TAMS 0x0000000701200000| PB 0x0000000701200000| Untracked |  0
|   3|0x0000000701400000, 0x0000000701600000, 0x0000000701600000|100%| O|  |TAMS 0x0000000701400000| PB 0x0000000701400000| Untracked |  0
|   4|0x0000000701600000, 0x0000000701800000, 0x0000000701800000|100%| O|  |TAMS 0x0000000701600000| PB 0x0000000701600000| Untracked |  0
|   5|0x0000000701800000, 0x0000000701a00000, 0x0000000701a00000|100%| O|  |TAMS 0x0000000701800000| PB 0x0000000701800000| Untracked |  0
|   6|0x0000000701a00000, 0x0000000701c00000, 0x0000000701c00000|100%| O|  |TAMS 0x0000000701a00000| PB 0x0000000701a00000| Untracked |  0
|   7|0x0000000701c00000, 0x0000000701e00000, 0x0000000701e00000|100%| O|  |TAMS 0x0000000701c00000| PB 0x0000000701c00000| Untracked |  0
|   8|0x0000000701e00000, 0x0000000702000000, 0x0000000702000000|100%| O|  |TAMS 0x0000000701e00000| PB 0x0000000701e00000| Untracked |  0
|   9|0x0000000702000000, 0x00000007020d1e08, 0x0000000702200000| 40%| O|  |TAMS 0x0000000702000000| PB 0x0000000702000000| Untracked |  0
|  10|0x0000000702200000, 0x0000000702200000, 0x0000000702400000|  0%| F|  |TAMS 0x0000000702200000| PB 0x0000000702200000| Untracked |  0
|  11|0x0000000702400000, 0x0000000702400000, 0x0000000702600000|  0%| F|  |TAMS 0x0000000702400000| PB 0x0000000702400000| Untracked |  0
|  12|0x0000000702600000, 0x0000000702600000, 0x0000000702800000|  0%| F|  |TAMS 0x0000000702600000| PB 0x0000000702600000| Untracked |  0
|  13|0x0000000702800000, 0x0000000702800000, 0x0000000702a00000|  0%| F|  |TAMS 0x0000000702800000| PB 0x0000000702800000| Untracked |  0
|  14|0x0000000702a00000, 0x0000000702b73160, 0x0000000702c00000| 72%| S|CS|TAMS 0x0000000702a00000| PB 0x0000000702a00000| Complete |  0
|  15|0x0000000702c00000, 0x0000000702c00000, 0x0000000702e00000|  0%| F|  |TAMS 0x0000000702c00000| PB 0x0000000702c00000| Untracked |  0
|  16|0x0000000702e00000, 0x0000000702f83348, 0x0000000703000000| 75%| E|  |TAMS 0x0000000702e00000| PB 0x0000000702e00000| Complete |  0
|  84|0x000000070b600000, 0x000000070b800000, 0x000000070b800000|100%| E|CS|TAMS 0x000000070b600000| PB 0x000000070b600000| Complete |  0
|  85|0x000000070b800000, 0x000000070ba00000, 0x000000070ba00000|100%| E|CS|TAMS 0x000000070b800000| PB 0x000000070b800000| Complete |  0
|  86|0x000000070ba00000, 0x000000070bc00000, 0x000000070bc00000|100%| E|CS|TAMS 0x000000070ba00000| PB 0x000000070ba00000| Complete |  0
|  87|0x000000070bc00000, 0x000000070be00000, 0x000000070be00000|100%| E|CS|TAMS 0x000000070bc00000| PB 0x000000070bc00000| Complete |  0
|  88|0x000000070be00000, 0x000000070c000000, 0x000000070c000000|100%| E|CS|TAMS 0x000000070be00000| PB 0x000000070be00000| Complete |  0
| 127|0x0000000710c00000, 0x0000000710e00000, 0x0000000710e00000|100%| E|CS|TAMS 0x0000000710c00000| PB 0x0000000710c00000| Complete |  0
|2040|0x00000007ffe00000, 0x0000000800000000, 0x0000000800000000|100%| E|CS|TAMS 0x00000007ffe00000| PB 0x00000007ffe00000| Complete |  0

Card table byte_map: [0x00000216f84a0000,0x00000216f8ca0000] _byte_map_base: 0x00000216f4c99000

Marking Bits: (CMBitMap*) 0x00000216ec45db60
 Bits: [0x00000216f8ca0000, 0x00000216fcc68000)

Polling page: 0x00000216ea3d0000

Metaspace:

Usage:
  Non-class:     29.83 MB used.
      Class:      3.84 MB used.
       Both:     33.67 MB used.

Virtual space:
  Non-class space:       64.00 MB reserved,      30.06 MB ( 47%) committed,  1 nodes.
      Class space:        1.00 GB reserved,       4.00 MB ( <1%) committed,  1 nodes.
             Both:        1.06 GB reserved,      34.06 MB (  3%) committed. 

Chunk freelists:
   Non-Class:  1.00 MB
       Class:  12.01 MB
        Both:  13.01 MB

MaxMetaspaceSize: unlimited
CompressedClassSpaceSize: 1.00 GB
Initial GC threshold: 21.00 MB
Current GC threshold: 35.12 MB
CDS: on
 - commit_granule_bytes: 65536.
 - commit_granule_words: 8192.
 - virtual_space_node_default_size: 8388608.
 - enlarge_chunks_in_place: 1.
UseCompressedClassPointers 1, UseCompactObjectHeaders 0
Narrow klass pointer bits 32, Max shift 3
Narrow klass base: 0x0000021680000000, Narrow klass shift: 0
Encoding Range: [0x0000021680000000 - 0x0000021780000000), (4294967296 bytes)
Klass Range:    [0x0000021680000000 - 0x00000216c1000000), (1090519040 bytes)
Klass ID Range:  [8 - 1090519033) (1090519025)


Internal statistics:

num_allocs_failed_limit: 3.
num_arena_births: 558.
num_arena_deaths: 0.
num_vsnodes_births: 2.
num_vsnodes_deaths: 0.
num_space_committed: 545.
num_space_uncommitted: 0.
num_chunks_returned_to_freelist: 3.
num_chunks_taken_from_freelist: 1685.
num_chunk_merges: 3.
num_chunk_splits: 1187.
num_chunks_enlarged: 910.
num_inconsistent_stats: 0.

CodeCache: size=49152Kb used=8768Kb max_used=8768Kb free=40383Kb
 bounds [0x00000216f4ca0000, 0x00000216f5550000, 0x00000216f7ca0000]
 total_blobs=5897, nmethods=5293, adapters=527, full_count=0
Compilation: enabled, stopped_count=0, restarted_count=0

Compilation events (20 events):
Event: 250.792 Thread 0x00000216c7049790 nmethod 5282 0x00000216f4de5708 code [0x00000216f4de5800, 0x00000216f4de58c8]
Event: 250.792 Thread 0x00000216c8cbb130 nmethod 5283 0x00000216f4de5108 code [0x00000216f4de5220, 0x00000216f4de52e8]
Event: 250.792 Thread 0x00000216c8cbb130 5285       1       jdk.jfr.internal.EventControl::getEventType (5 bytes)
Event: 250.792 Thread 0x00000216c7049790 5286       1       jdk.jfr.internal.EventControl::getSettingsId (5 bytes)
Event: 250.792 Thread 0x00000216ff1451e0 5289   !   1       jdk.jfr.internal.Control::setValue (102 bytes)
Event: 250.792 Thread 0x00000216c8cbb130 nmethod 5285 0x00000216f4de4e08 code [0x00000216f4de4f00, 0x00000216f4de4fc8]
Event: 250.792 Thread 0x00000216c8cbb130 5290       1       jdk.jfr.internal.SettingsManager$InternalSetting::getValues (35 bytes)
Event: 250.792 Thread 0x00000216c7049790 nmethod 5286 0x00000216f4de4b08 code [0x00000216f4de4c00, 0x00000216f4de4cc8]
Event: 250.792 Thread 0x00000216c7049790 5291       1       jdk.jfr.internal.Control::apply (10 bytes)
Event: 250.792 Thread 0x00000216c8cbb130 nmethod 5290 0x00000216f4de4788 code [0x00000216f4de48c0, 0x00000216f4de4ac8]
Event: 250.792 Thread 0x00000216c7049790 nmethod 5291 0x00000216f4de4488 code [0x00000216f4de45a0, 0x00000216f4de46b0]
Event: 250.792 Thread 0x00000216c8cbb130 5287       1       jdk.jfr.internal.EventControl::getNamedControls (5 bytes)
Event: 250.792 Thread 0x00000216c7049790 5288       1       jdk.jfr.internal.PlatformEventType::isEnabled (5 bytes)
Event: 250.792 Thread 0x00000216c8cbb130 nmethod 5287 0x00000216f4de4188 code [0x00000216f4de4280, 0x00000216f4de4348]
Event: 250.792 Thread 0x00000216c7049790 nmethod 5288 0x00000216f4de3e88 code [0x00000216f4de3f80, 0x00000216f4de4048]
Event: 250.792 Thread 0x00000216ff1451e0 nmethod 5289 0x00000216f4de3588 code [0x00000216f4de3780, 0x00000216f4de3e10]
Event: 250.796 Thread 0x00000216ff1451e0 5292       1       jdk.jfr.internal.periodic.EventTask::getEventType (5 bytes)
Event: 250.796 Thread 0x00000216ff1451e0 nmethod 5292 0x00000216f4de3288 code [0x00000216f4de3380, 0x00000216f4de3448]
Event: 250.796 Thread 0x00000216ff1451e0 5293       1       jdk.jfr.internal.periodic.PeriodicTask::getPeriod (5 bytes)
Event: 250.796 Thread 0x00000216ff1451e0 nmethod 5293 0x00000216f4de2f88 code [0x00000216f4de3080, 0x00000216f4de3148]

GC Heap History (14 events):
Event: 0.662 GC heap before
{Heap before GC invocations=0 (full 0):
 garbage-first heap   total reserved 4179968K, committed 264192K, used 29808K [0x0000000700e00000, 0x0000000800000000)
  region size 2048K, 14 young (28672K), 0 survivors (0K)
 Metaspace       used 7964K, committed 8192K, reserved 1114112K
  class space    used 813K, committed 896K, reserved 1048576K
}
Event: 0.666 GC heap after
{Heap after GC invocations=1 (full 0):
 garbage-first heap   total reserved 4179968K, committed 264192K, used 6174K [0x0000000700e00000, 0x0000000800000000)
  region size 2048K, 2 young (4096K), 2 survivors (4096K)
 Metaspace       used 7964K, committed 8192K, reserved 1114112K
  class space    used 813K, committed 896K, reserved 1048576K
}
Event: 1.744 GC heap before
{Heap before GC invocations=1 (full 0):
 garbage-first heap   total reserved 4179968K, committed 264192K, used 77854K [0x0000000700e00000, 0x0000000800000000)
  region size 2048K, 39 young (79872K), 2 survivors (4096K)
 Metaspace       used 21177K, committed 21504K, reserved 1114112K
  class space    used 2365K, committed 2496K, reserved 1048576K
}
Event: 1.751 GC heap after
{Heap after GC invocations=2 (full 0):
 garbage-first heap   total reserved 4179968K, committed 264192K, used 12009K [0x0000000700e00000, 0x0000000800000000)
  region size 2048K, 5 young (10240K), 5 survivors (10240K)
 Metaspace       used 21177K, committed 21504K, reserved 1114112K
  class space    used 2365K, committed 2496K, reserved 1048576K
}
Event: 1.996 GC heap before
{Heap before GC invocations=3 (full 0):
 garbage-first heap   total reserved 4179968K, committed 49152K, used 30441K [0x0000000700e00000, 0x0000000800000000)
  region size 2048K, 14 young (28672K), 5 survivors (10240K)
 Metaspace       used 23183K, committed 23616K, reserved 1114112K
  class space    used 2662K, committed 2816K, reserved 1048576K
}
Event: 2.003 GC heap after
{Heap after GC invocations=4 (full 0):
 garbage-first heap   total reserved 4179968K, committed 49152K, used 13895K [0x0000000700e00000, 0x0000000800000000)
  region size 2048K, 2 young (4096K), 2 survivors (4096K)
 Metaspace       used 23183K, committed 23616K, reserved 1114112K
  class space    used 2662K, committed 2816K, reserved 1048576K
}
Event: 2.292 GC heap before
{Heap before GC invocations=4 (full 0):
 garbage-first heap   total reserved 4179968K, committed 49152K, used 32327K [0x0000000700e00000, 0x0000000800000000)
  region size 2048K, 11 young (22528K), 2 survivors (4096K)
 Metaspace       used 26076K, committed 26496K, reserved 1114112K
  class space    used 2980K, committed 3136K, reserved 1048576K
}
Event: 2.297 GC heap after
{Heap after GC invocations=5 (full 0):
 garbage-first heap   total reserved 4179968K, committed 49152K, used 15772K [0x0000000700e00000, 0x0000000800000000)
  region size 2048K, 2 young (4096K), 2 survivors (4096K)
 Metaspace       used 26076K, committed 26496K, reserved 1114112K
  class space    used 2980K, committed 3136K, reserved 1048576K
}
Event: 3.138 GC heap before
{Heap before GC invocations=5 (full 0):
 garbage-first heap   total reserved 4179968K, committed 49152K, used 34204K [0x0000000700e00000, 0x0000000800000000)
  region size 2048K, 11 young (22528K), 2 survivors (4096K)
 Metaspace       used 28948K, committed 29440K, reserved 1114112K
  class space    used 3302K, committed 3520K, reserved 1048576K
}
Event: 3.145 GC heap after
{Heap after GC invocations=6 (full 0):
 garbage-first heap   total reserved 4179968K, committed 49152K, used 19910K [0x0000000700e00000, 0x0000000800000000)
  region size 2048K, 1 young (2048K), 1 survivors (2048K)
 Metaspace       used 28948K, committed 29440K, reserved 1114112K
  class space    used 3302K, committed 3520K, reserved 1048576K
}
Event: 17.385 GC heap before
{Heap before GC invocations=6 (full 0):
 garbage-first heap   total reserved 4179968K, committed 49152K, used 36294K [0x0000000700e00000, 0x0000000800000000)
  region size 2048K, 10 young (20480K), 1 survivors (2048K)
 Metaspace       used 33446K, committed 33984K, reserved 1114112K
  class space    used 3796K, committed 4032K, reserved 1048576K
}
Event: 17.387 GC heap after
{Heap after GC invocations=7 (full 0):
 garbage-first heap   total reserved 4179968K, committed 49152K, used 19662K [0x0000000700e00000, 0x0000000800000000)
  region size 2048K, 2 young (4096K), 2 survivors (4096K)
 Metaspace       used 33446K, committed 33984K, reserved 1114112K
  class space    used 3796K, committed 4032K, reserved 1048576K
}
Event: 196.832 GC heap before
{Heap before GC invocations=7 (full 0):
 garbage-first heap   total reserved 4179968K, committed 49152K, used 38094K [0x0000000700e00000, 0x0000000800000000)
  region size 2048K, 11 young (22528K), 2 survivors (4096K)
 Metaspace       used 33467K, committed 33984K, reserved 1114112K
  class space    used 3802K, committed 4032K, reserved 1048576K
}
Event: 196.835 GC heap after
{Heap after GC invocations=8 (full 0):
 garbage-first heap   total reserved 4179968K, committed 49152K, used 19649K [0x0000000700e00000, 0x0000000800000000)
  region size 2048K, 1 young (2048K), 1 survivors (2048K)
 Metaspace       used 33467K, committed 33984K, reserved 1114112K
  class space    used 3802K, committed 4032K, reserved 1048576K
}

Dll operation events (12 events):
Event: 0.010 Loaded shared library C:\Users\vhflo\.jdks\openjdk-24.0.1\bin\java.dll
Event: 0.092 Loaded shared library C:\Users\vhflo\.jdks\openjdk-24.0.1\bin\zip.dll
Event: 0.094 Loaded shared library C:\Users\vhflo\.jdks\openjdk-24.0.1\bin\instrument.dll
Event: 0.099 Loaded shared library C:\Users\vhflo\.jdks\openjdk-24.0.1\bin\net.dll
Event: 0.101 Loaded shared library C:\Users\vhflo\.jdks\openjdk-24.0.1\bin\nio.dll
Event: 0.104 Loaded shared library C:\Users\vhflo\.jdks\openjdk-24.0.1\bin\zip.dll
Event: 0.134 Loaded shared library C:\Users\vhflo\.jdks\openjdk-24.0.1\bin\jimage.dll
Event: 0.224 Loaded shared library C:\Users\vhflo\.jdks\openjdk-24.0.1\bin\extnet.dll
Event: 0.248 Loaded shared library C:\Users\vhflo\.jdks\openjdk-24.0.1\bin\management.dll
Event: 0.260 Loaded shared library C:\Users\vhflo\.jdks\openjdk-24.0.1\bin\management_ext.dll
Event: 1.174 Loaded shared library C:\Users\vhflo\.jdks\openjdk-24.0.1\bin\sunmscapi.dll
Event: 250.686 Loaded shared library C:\Users\vhflo\AppData\Local\Temp\idea_libasyncProfiler_dll_temp_folder10\libasyncProfiler.dll

Deoptimization events (0 events):
No events

Classes loaded (20 events):
Event: 250.777 Loading class jdk/jfr/internal/MetadataWriter
Event: 250.777 Loading class jdk/jfr/internal/MetadataWriter done
Event: 250.777 Loading class jdk/jfr/internal/MetadataDescriptor$Element
Event: 250.777 Loading class jdk/jfr/internal/MetadataDescriptor$Element done
Event: 250.777 Loading class jdk/jfr/internal/MetadataDescriptor$Attribute
Event: 250.777 Loading class jdk/jfr/internal/MetadataDescriptor$Attribute done
Event: 250.781 Loading class jdk/jfr/internal/consumer/StringParser$Encoding
Event: 250.781 Loading class jdk/jfr/internal/consumer/StringParser$Encoding done
Event: 250.788 Loading class jdk/jfr/internal/consumer/RepositoryFiles
Event: 250.788 Loading class jdk/jfr/internal/consumer/RepositoryFiles done
Event: 250.790 Loading class jdk/jfr/internal/SettingsManager$InternalSetting
Event: 250.790 Loading class jdk/jfr/internal/SettingsManager$InternalSetting done
Event: 250.791 Loading class jdk/jfr/internal/util/Rate
Event: 250.791 Loading class jdk/jfr/internal/util/Rate done
Event: 250.791 Loading class jdk/jfr/internal/util/TimespanUnit
Event: 250.791 Loading class jdk/jfr/internal/util/TimespanUnit done
Event: 250.791 Loading class jdk/jfr/internal/util/ValueParser
Event: 250.791 Loading class jdk/jfr/internal/util/ValueParser done
Event: 250.792 Loading class jdk/jfr/internal/periodic/PeriodicType
Event: 250.792 Loading class jdk/jfr/internal/periodic/PeriodicType done

Classes unloaded (0 events):
No events

Classes redefined (0 events):
No events

Internal exceptions (20 events):
Event: 2.435 Thread 0x00000216c5975d40 Exception <a 'java/lang/NoSuchMethodError'{0x000000070bbec640}: 'int java.lang.invoke.DirectMethodHandle$Holder.invokeStaticInit(java.lang.Object, java.lang.Object, java.lang.Object, java.lang.Object)'> (0x000000070bbec640) 
thrown [s\open\src\hotspot\share\interpreter\linkResolver.cpp, line 805]
Event: 2.708 Thread 0x00000216c5975d40 Exception <a 'java/lang/NoSuchMethodError'{0x0000000702e9de98}: 'java.lang.Object java.lang.invoke.DirectMethodHandle$Holder.newInvokeSpecial(java.lang.Object, java.lang.Object, int, java.lang.Object, java.lang.Object)'> (0x0000000702e9de98) 
thrown [s\open\src\hotspot\share\interpreter\linkResolver.cpp, line 805]
Event: 3.130 Thread 0x00000216c59755f0 Exception <a 'java/lang/NoSuchMethodError'{0x0000000702dfd480}: 'java.lang.Object java.lang.invoke.DirectMethodHandle$Holder.invokeInterface(java.lang.Object, java.lang.Object, java.lang.Object, java.lang.Object, java.lang.Object, java.lang.Object, java.lang.Object)'> (0x0000000702dfd480) 
thrown [s\open\src\hotspot\share\interpreter\linkResolver.cpp, line 805]
Event: 3.151 Thread 0x00000216c59755f0 Exception <a 'java/lang/NoSuchMethodError'{0x00000007ffeca1f0}: 'java.lang.Object java.lang.invoke.DirectMethodHandle$Holder.invokeStatic(java.lang.Object, java.lang.Object, java.lang.Object, java.lang.Object, java.lang.Object, java.lang.Object, java.lang.Object, java.lang.Object, java.lang.Object, java.lang.Object)'> (0x00000007ffeca1f0) 
thrown [s\open\src\hotspot\share\interpreter\linkResolver.cpp, line 805]
Event: 3.262 Thread 0x00000216c5975d40 Exception <a 'sun/nio/fs/WindowsException'{0x00000007fffd7810}> (0x00000007fffd7810) 
thrown [s\open\src\hotspot\share\prims\jni.cpp, line 518]
Event: 5.036 Thread 0x00000216c5974000 Exception <a 'java/lang/NoSuchMethodError'{0x000000070bc445e8}: 'java.lang.Object java.lang.invoke.DirectMethodHandle$Holder.invokeSpecial(java.lang.Object, java.lang.Object, java.lang.Object, java.lang.Object, java.lang.Object, long)'> (0x000000070bc445e8) 
thrown [s\open\src\hotspot\share\interpreter\linkResolver.cpp, line 805]
Event: 5.036 Thread 0x00000216c5974000 Exception <a 'java/lang/NoSuchMethodError'{0x000000070bc4cf28}: 'java.lang.Object java.lang.invoke.DirectMethodHandle$Holder.invokeSpecial(java.lang.Object, java.lang.Object, java.lang.Object, java.lang.Object, java.lang.Object, java.lang.Object, long)'> (0x000000070bc4cf28) 
thrown [s\open\src\hotspot\share\interpreter\linkResolver.cpp, line 805]
Event: 5.036 Thread 0x00000216c5974000 Exception <a 'java/lang/NoSuchMethodError'{0x000000070bc51290}: 'java.lang.Object java.lang.invoke.DelegatingMethodHandle$Holder.reinvoke_L(java.lang.Object, java.lang.Object, java.lang.Object, java.lang.Object, java.lang.Object, long)'> (0x000000070bc51290) 
thrown [s\open\src\hotspot\share\interpreter\linkResolver.cpp, line 805]
Event: 5.037 Thread 0x00000216c5974000 Exception <a 'java/lang/NoSuchMethodError'{0x000000070bc656a8}: 'java.lang.Object java.lang.invoke.Invokers$Holder.linkToTargetMethod(java.lang.Object, java.lang.Object, java.lang.Object, long, java.lang.Object)'> (0x000000070bc656a8) 
thrown [s\open\src\hotspot\share\interpreter\linkResolver.cpp, line 805]
Event: 5.290 Thread 0x00000216c59781d0 Exception <a 'java/lang/NoSuchMethodError'{0x000000070b7e5b98}: 'void java.lang.invoke.DirectMethodHandle$Holder.invokeVirtual(java.lang.Object, java.lang.Object, float)'> (0x000000070b7e5b98) 
thrown [s\open\src\hotspot\share\interpreter\linkResolver.cpp, line 805]
Event: 5.291 Thread 0x00000216c59781d0 Exception <a 'java/lang/NoSuchMethodError'{0x000000070b7fa0a8}: 'float java.lang.invoke.DelegatingMethodHandle$Holder.reinvoke_L(java.lang.Object, java.lang.Object, int)'> (0x000000070b7fa0a8) 
thrown [s\open\src\hotspot\share\interpreter\linkResolver.cpp, line 805]
Event: 5.292 Thread 0x00000216c59781d0 Exception <a 'java/lang/NoSuchMethodError'{0x0000000702e16a60}: 'void java.lang.invoke.DelegatingMethodHandle$Holder.reinvoke_L(java.lang.Object, java.lang.Object, float)'> (0x0000000702e16a60) 
thrown [s\open\src\hotspot\share\interpreter\linkResolver.cpp, line 805]
Event: 5.404 Thread 0x00000216c59781d0 Exception <a 'java/lang/NoSuchMethodError'{0x00000007028081f8}: 'int java.lang.invoke.DirectMethodHandle$Holder.invokeVirtual(java.lang.Object, java.lang.Object, java.lang.Object)'> (0x00000007028081f8) 
thrown [s\open\src\hotspot\share\interpreter\linkResolver.cpp, line 805]
Event: 250.717 Thread 0x00000216ff140840 Exception <a 'java/lang/NoSuchMethodError'{0x000000070bc06fd8}: 'void java.lang.invoke.DirectMethodHandle$Holder.invokeStaticInit(java.lang.Object)'> (0x000000070bc06fd8) 
thrown [s\open\src\hotspot\share\interpreter\linkResolver.cpp, line 805]
Event: 250.769 Thread 0x00000216ff140840 Exception <a 'java/lang/NoSuchMethodError'{0x000000070b99c3b8}: 'void java.lang.invoke.DirectMethodHandle$Holder.invokeSpecial(java.lang.Object, java.lang.Object, int)'> (0x000000070b99c3b8) 
thrown [s\open\src\hotspot\share\interpreter\linkResolver.cpp, line 805]
Event: 250.769 Thread 0x00000216ff140840 Exception <a 'java/lang/NoSuchMethodError'{0x000000070b9a3fd8}: 'void java.lang.invoke.Invokers$Holder.invokeExact_MT(java.lang.Object, int, java.lang.Object)'> (0x000000070b9a3fd8) 
thrown [s\open\src\hotspot\share\interpreter\linkResolver.cpp, line 805]
Event: 250.770 Thread 0x00000216ff140840 Exception <a 'java/lang/NoSuchMethodError'{0x000000070b9cea38}: 'java.lang.Object java.lang.invoke.DirectMethodHandle$Holder.newInvokeSpecial(java.lang.Object, java.lang.Object, int)'> (0x000000070b9cea38) 
thrown [s\open\src\hotspot\share\interpreter\linkResolver.cpp, line 805]
Event: 250.772 Thread 0x00000216ff140840 Exception <a 'sun/nio/fs/WindowsException'{0x000000070b61a530}> (0x000000070b61a530) 
thrown [s\open\src\hotspot\share\prims\jni.cpp, line 518]
Event: 250.773 Thread 0x00000216ff140840 Exception <a 'sun/nio/fs/WindowsException'{0x000000070b6272e8}> (0x000000070b6272e8) 
thrown [s\open\src\hotspot\share\prims\jni.cpp, line 518]
Event: 250.775 Thread 0x00000216ff140840 Exception <a 'sun/nio/fs/WindowsException'{0x000000070b638f70}> (0x000000070b638f70) 
thrown [s\open\src\hotspot\share\prims\jni.cpp, line 518]

VM Operations (20 events):
Event: 3.263 Executing VM operation: HandshakeAllThreads (Deoptimize)
Event: 3.263 Executing VM operation: HandshakeAllThreads (Deoptimize) done
Event: 3.266 Executing VM operation: HandshakeAllThreads (Deoptimize)
Event: 3.266 Executing VM operation: HandshakeAllThreads (Deoptimize) done
Event: 5.054 Executing VM operation: HandshakeAllThreads (Deoptimize)
Event: 5.054 Executing VM operation: HandshakeAllThreads (Deoptimize) done
Event: 5.187 Executing VM operation: HandshakeAllThreads (Deoptimize)
Event: 5.187 Executing VM operation: HandshakeAllThreads (Deoptimize) done
Event: 5.402 Executing VM operation: HandshakeAllThreads (Deoptimize)
Event: 5.402 Executing VM operation: HandshakeAllThreads (Deoptimize) done
Event: 17.385 Executing VM operation: G1CollectForAllocation (G1 Evacuation Pause)
Event: 17.387 Executing VM operation: G1CollectForAllocation (G1 Evacuation Pause) done
Event: 60.031 Executing VM operation: HandshakeAllThreads (HandshakeForDeflation)
Event: 60.031 Executing VM operation: HandshakeAllThreads (HandshakeForDeflation) done
Event: 60.031 Executing VM operation: RendezvousGCThreads
Event: 60.031 Executing VM operation: RendezvousGCThreads done
Event: 196.832 Executing VM operation: G1CollectForAllocation (G1 Evacuation Pause)
Event: 196.835 Executing VM operation: G1CollectForAllocation (G1 Evacuation Pause) done
Event: 250.788 Executing VM operation: JFRSafepointClear
Event: 250.788 Executing VM operation: JFRSafepointClear done

Memory protections (0 events):
No events

Nmethod flushes (0 events):
No events

Events (20 events):
Event: 2.730 Thread 0x00000216c5975d40 Thread added: 0x00000216c6c8abc0
Event: 2.732 Thread 0x00000216c5975d40 Thread added: 0x00000216c6c8d050
Event: 3.117 Thread 0x00000216c59755f0 Thread added: 0x00000216c6c8d7a0
Event: 3.123 Thread 0x00000216c59755f0 Thread added: 0x00000216c6c8f4e0
Event: 3.148 Thread 0x00000216c6c8d7a0 Thread exited: 0x00000216c6c8d7a0
Event: 3.154 Thread 0x00000216c59755f0 Thread added: 0x00000216c6c8a470
Event: 3.154 Thread 0x00000216c6c8f4e0 Thread exited: 0x00000216c6c8f4e0
Event: 3.182 Thread 0x00000216c6c8a470 Thread exited: 0x00000216c6c8a470
Event: 3.320 Thread 0x00000216c5975d40 Thread added: 0x00000216c6c8fc30
Event: 3.320 Thread 0x00000216c5975d40 Thread exited: 0x00000216c5975d40
Event: 3.321 Thread 0x00000216c5979f10 Thread exited: 0x00000216c5979f10
Event: 3.321 Thread 0x00000216ec3f5320 Thread exited: 0x00000216ec3f5320
Event: 3.321 Thread 0x00000216c6c8b310 Thread added: 0x00000216c6c8b310
Event: 4.719 Thread 0x00000216c514e6c0 Thread exited: 0x00000216c514e6c0
Event: 6.960 Thread 0x00000216c5090b70 Thread exited: 0x00000216c5090b70
Event: 47.391 Thread 0x00000216c6c8fc30 Thread exited: 0x00000216c6c8fc30
Event: 250.715 Thread 0x00000216ff140840 Thread added: 0x00000216c6c90380
Event: 250.750 Thread 0x00000216ff1451e0 Thread added: 0x00000216c7049790
Event: 250.768 Thread 0x00000216c7049790 Thread added: 0x00000216c8cbb130
Event: 250.770 Thread 0x00000216ff140840 Thread added: 0x00000216c6c8e640


Dynamic libraries:
0x00007ff6ee5b0000 - 0x00007ff6ee5be000 	C:\Users\vhflo\.jdks\openjdk-24.0.1\bin\java.exe
0x00007ff881410000 - 0x00007ff881608000 	C:\Windows\SYSTEM32\ntdll.dll
0x00007ff87f910000 - 0x00007ff87f9d2000 	C:\Windows\System32\KERNEL32.DLL
0x00007ff87ef30000 - 0x00007ff87f226000 	C:\Windows\System32\KERNELBASE.dll
0x00007ff87ec90000 - 0x00007ff87ed90000 	C:\Windows\System32\ucrtbase.dll
0x00007ff86a990000 - 0x00007ff86a9a6000 	C:\Users\vhflo\.jdks\openjdk-24.0.1\bin\jli.dll
0x00007ff8804a0000 - 0x00007ff88063d000 	C:\Windows\System32\USER32.dll
0x00007ff87ec60000 - 0x00007ff87ec82000 	C:\Windows\System32\win32u.dll
0x00007ff87fbf0000 - 0x00007ff87fc1b000 	C:\Windows\System32\GDI32.dll
0x00007ff87ed90000 - 0x00007ff87eeaa000 	C:\Windows\System32\gdi32full.dll
0x00007ff87eab0000 - 0x00007ff87eb4d000 	C:\Windows\System32\msvcp_win.dll
0x00007ff869060000 - 0x00007ff86907b000 	C:\Users\vhflo\.jdks\openjdk-24.0.1\bin\VCRUNTIME140.dll
0x00007ff872510000 - 0x00007ff8727aa000 	C:\Windows\WinSxS\amd64_microsoft.windows.common-controls_6595b64144ccf1df_6.0.19041.5794_none_60bcd33171f2783c\COMCTL32.dll
0x00007ff881210000 - 0x00007ff8812ae000 	C:\Windows\System32\msvcrt.dll
0x00007ff87fc20000 - 0x00007ff87fc4f000 	C:\Windows\System32\IMM32.DLL
0x00007ff87bcd0000 - 0x00007ff87bcdc000 	C:\Users\vhflo\.jdks\openjdk-24.0.1\bin\vcruntime140_1.dll
0x00007ff867760000 - 0x00007ff8677ee000 	C:\Users\vhflo\.jdks\openjdk-24.0.1\bin\msvcp140.dll
0x00007ff818c00000 - 0x00007ff8199a2000 	C:\Users\vhflo\.jdks\openjdk-24.0.1\bin\server\jvm.dll
0x00007ff87fd20000 - 0x00007ff87fdcf000 	C:\Windows\System32\ADVAPI32.dll
0x00007ff880960000 - 0x00007ff8809ff000 	C:\Windows\System32\sechost.dll
0x00007ff880750000 - 0x00007ff880873000 	C:\Windows\System32\RPCRT4.dll
0x00007ff87eeb0000 - 0x00007ff87eed7000 	C:\Windows\System32\bcrypt.dll
0x00007ff8801f0000 - 0x00007ff88025b000 	C:\Windows\System32\WS2_32.dll
0x00007ff87e7f0000 - 0x00007ff87e83b000 	C:\Windows\SYSTEM32\POWRPROF.dll
0x00007ff876370000 - 0x00007ff876397000 	C:\Windows\SYSTEM32\WINMM.dll
0x00007ff8788a0000 - 0x00007ff8788aa000 	C:\Windows\SYSTEM32\VERSION.dll
0x00007ff87e7d0000 - 0x00007ff87e7e2000 	C:\Windows\SYSTEM32\UMPDC.dll
0x00007ff87c950000 - 0x00007ff87c962000 	C:\Windows\SYSTEM32\kernel.appcore.dll
0x00007ff87bcb0000 - 0x00007ff87bcba000 	C:\Users\vhflo\.jdks\openjdk-24.0.1\bin\jimage.dll
0x00007ff872a20000 - 0x00007ff872c21000 	C:\Windows\SYSTEM32\DBGHELP.DLL
0x00007ff86b0f0000 - 0x00007ff86b124000 	C:\Windows\SYSTEM32\dbgcore.DLL
0x00007ff87eb50000 - 0x00007ff87ebd2000 	C:\Windows\System32\bcryptPrimitives.dll
0x00007ff8690b0000 - 0x00007ff8690bf000 	C:\Users\vhflo\.jdks\openjdk-24.0.1\bin\instrument.dll
0x00007ff868b80000 - 0x00007ff868b9e000 	C:\Users\vhflo\.jdks\openjdk-24.0.1\bin\java.dll
0x00007ff880370000 - 0x00007ff88049b000 	C:\Windows\System32\ole32.dll
0x00007ff87fde0000 - 0x00007ff880133000 	C:\Windows\System32\combase.dll
0x00007ff880a90000 - 0x00007ff8811fe000 	C:\Windows\System32\SHELL32.dll
0x00007ff87cb50000 - 0x00007ff87d2f3000 	C:\Windows\SYSTEM32\windows.storage.dll
0x00007ff87e410000 - 0x00007ff87e43b000 	C:\Windows\SYSTEM32\Wldp.dll
0x00007ff87fc50000 - 0x00007ff87fd1d000 	C:\Windows\System32\OLEAUT32.dll
0x00007ff880260000 - 0x00007ff88030d000 	C:\Windows\System32\SHCORE.dll
0x00007ff87f9e0000 - 0x00007ff87fa35000 	C:\Windows\System32\shlwapi.dll
0x00007ff87e9e0000 - 0x00007ff87ea05000 	C:\Windows\SYSTEM32\profapi.dll
0x00007ff868a10000 - 0x00007ff868a27000 	C:\Users\vhflo\.jdks\openjdk-24.0.1\bin\zip.dll
0x00007ff867750000 - 0x00007ff867760000 	C:\Users\vhflo\.jdks\openjdk-24.0.1\bin\net.dll
0x00007ff87e170000 - 0x00007ff87e1dc000 	C:\Windows\system32\mswsock.dll
0x00007ff866e70000 - 0x00007ff866e86000 	C:\Users\vhflo\.jdks\openjdk-24.0.1\bin\nio.dll
0x00007ff87de90000 - 0x00007ff87df5a000 	C:\Windows\SYSTEM32\DNSAPI.dll
0x00007ff87de50000 - 0x00007ff87de8b000 	C:\Windows\SYSTEM32\IPHLPAPI.DLL
0x00007ff880a80000 - 0x00007ff880a88000 	C:\Windows\System32\NSI.dll
0x00007ff867730000 - 0x00007ff867739000 	C:\Users\vhflo\.jdks\openjdk-24.0.1\bin\extnet.dll
0x00007ff8731f0000 - 0x00007ff8731fa000 	C:\Windows\System32\rasadhlp.dll
0x00007ff873210000 - 0x00007ff873290000 	C:\Windows\System32\fwpuclnt.dll
0x00007ff866e60000 - 0x00007ff866e6a000 	C:\Users\vhflo\.jdks\openjdk-24.0.1\bin\management.dll
0x00007ff866e50000 - 0x00007ff866e5b000 	C:\Users\vhflo\.jdks\openjdk-24.0.1\bin\management_ext.dll
0x00007ff87fdd0000 - 0x00007ff87fdd8000 	C:\Windows\System32\PSAPI.DLL
0x00007ff87e360000 - 0x00007ff87e378000 	C:\Windows\SYSTEM32\CRYPTSP.dll
0x00007ff87da90000 - 0x00007ff87dac8000 	C:\Windows\system32\rsaenh.dll
0x00007ff87e9a0000 - 0x00007ff87e9ce000 	C:\Windows\SYSTEM32\USERENV.dll
0x00007ff87e380000 - 0x00007ff87e38c000 	C:\Windows\SYSTEM32\CRYPTBASE.dll
0x00007ff846360000 - 0x00007ff846377000 	C:\Windows\system32\napinsp.dll
0x00007ff845180000 - 0x00007ff84519b000 	C:\Windows\system32\pnrpnsp.dll
0x00007ff8695e0000 - 0x00007ff8695fd000 	C:\Windows\system32\wshbth.dll
0x00007ff87a040000 - 0x00007ff87a05d000 	C:\Windows\system32\NLAapi.dll
0x00007ff845160000 - 0x00007ff845172000 	C:\Windows\System32\winrnr.dll
0x00007ff86fde0000 - 0x00007ff86fe31000 	C:\Windows\SYSTEM32\pdh.dll
0x00007ff87bce0000 - 0x00007ff87bcef000 	C:\Windows\System32\perfproc.dll
0x00007ff866e40000 - 0x00007ff866e4e000 	C:\Users\vhflo\.jdks\openjdk-24.0.1\bin\sunmscapi.dll
0x00007ff87f2e0000 - 0x00007ff87f43d000 	C:\Windows\System32\CRYPT32.dll
0x00007ff87e480000 - 0x00007ff87e4a7000 	C:\Windows\SYSTEM32\ncrypt.dll
0x00007ff87e440000 - 0x00007ff87e47b000 	C:\Windows\SYSTEM32\NTASN1.dll
0x00007ff86a9e0000 - 0x00007ff86a9e7000 	C:\Windows\system32\wshunix.dll
0x00007ff860bd0000 - 0x00007ff860dc8000 	C:\Users\vhflo\AppData\Local\Temp\idea_libasyncProfiler_dll_temp_folder10\libasyncProfiler.dll

JVMTI agents:
C:\Program Files\JetBrains\IntelliJ IDEA 2025.1.1.1\lib\idea_rt.jar path:C:\Users\vhflo\.jdks\openjdk-24.0.1\bin\instrument.dll, loaded, initialized, instrumentlib options:61548

dbghelp: loaded successfully - version: 4.0.5 - missing functions: none
symbol engine: initialized successfully - sym options: 0x614 - pdb path: .;C:\Users\vhflo\.jdks\openjdk-24.0.1\bin;C:\Windows\SYSTEM32;C:\Windows\WinSxS\amd64_microsoft.windows.common-controls_6595b64144ccf1df_6.0.19041.5794_none_60bcd33171f2783c;C:\Users\vhflo\.jdks\openjdk-24.0.1\bin\server;C:\Users\vhflo\AppData\Local\Temp\idea_libasyncProfiler_dll_temp_folder10

VM Arguments:
jvm_args: -XX:TieredStopAtLevel=1 -Dspring.output.ansi.enabled=always -Dcom.sun.management.jmxremote -Dspring.jmx.enabled=true -Dspring.liveBeansView.mbeanDomain -Dspring.application.admin.enabled=true -Dmanagement.endpoints.jmx.exposure.include=* -javaagent:C:\Program Files\JetBrains\IntelliJ IDEA 2025.1.1.1\lib\idea_rt.jar=61548 -Dfile.encoding=UTF-8 -Dsun.stdout.encoding=UTF-8 -Dsun.stderr.encoding=UTF-8 
java_command: projetoSalf.mvc.AppProjetoSALF
java_class_path (initial): C:\Users\vhflo\Desktop\ProjetoSALF-BranchGeral\target\classes;C:\Users\vhflo\.m2\repository\org\springframework\boot\spring-boot-starter-web\3.4.4\spring-boot-starter-web-3.4.4.jar;C:\Users\vhflo\.m2\repository\org\springframework\boot\spring-boot-starter\3.4.4\spring-boot-starter-3.4.4.jar;C:\Users\vhflo\.m2\repository\org\springframework\boot\spring-boot-starter-logging\3.4.4\spring-boot-starter-logging-3.4.4.jar;C:\Users\vhflo\.m2\repository\ch\qos\logback\logback-classic\1.5.18\logback-classic-1.5.18.jar;C:\Users\vhflo\.m2\repository\ch\qos\logback\logback-core\1.5.18\logback-core-1.5.18.jar;C:\Users\vhflo\.m2\repository\org\apache\logging\log4j\log4j-to-slf4j\2.24.3\log4j-to-slf4j-2.24.3.jar;C:\Users\vhflo\.m2\repository\org\apache\logging\log4j\log4j-api\2.24.3\log4j-api-2.24.3.jar;C:\Users\vhflo\.m2\repository\org\slf4j\jul-to-slf4j\2.0.17\jul-to-slf4j-2.0.17.jar;C:\Users\vhflo\.m2\repository\org\yaml\snakeyaml\2.3\snakeyaml-2.3.jar;C:\Users\vhflo\.m2\repository\org\springframework\boot\spring-boot-starter-json\3.4.4\spring-boot-starter-json-3.4.4.jar;C:\Users\vhflo\.m2\repository\com\fasterxml\jackson\core\jackson-databind\2.18.3\jackson-databind-2.18.3.jar;C:\Users\vhflo\.m2\repository\com\fasterxml\jackson\core\jackson-annotations\2.18.3\jackson-annotations-2.18.3.jar;C:\Users\vhflo\.m2\repository\com\fasterxml\jackson\core\jackson-core\2.18.3\jackson-core-2.18.3.jar;C:\Users\vhflo\.m2\repository\com\fasterxml\jackson\datatype\jackson-datatype-jdk8\2.18.3\jackson-datatype-jdk8-2.18.3.jar;C:\Users\vhflo\.m2\repository\com\fasterxml\jackson\datatype\jackson-datatype-jsr310\2.18.3\jackson-datatype-jsr310-2.18.3.jar;C:\Users\vhflo\.m2\repository\com\fasterxml\jackson\module\jackson-module-parameter-names\2.18.3\jackson-module-parameter-names-2.18.3.jar;C:\Users\vhflo\.m2\repository\org\springframework\spring-web\6.2.5\spring-web-6.2.5.jar;C:\Users\vhflo\.m2\repository\org\springframework\spring-beans\6.2.5\spring-beans-6.2.5.jar;C:\Users\vhflo\.m2\repository\io\micrometer\micrometer-observation\1.14.5\micrometer-observation-1.14.5.jar;C:\Users\vhflo\.m2\repository\io\micrometer\micrometer-commons\1.14.5\micrometer-commons-1.14.5.jar;C:\Users\vhflo\.m2\repository\org\springframework\spring-webmvc\6.2.5\spring-webmvc-6.2.5.jar;C:\Users\vhflo\.m2\repository\org\springframework\spring-aop\6.2.5\spring-aop-6.2.5.jar;C:\Users\vhflo\.m2\repository\org\springframework\spring-context\6.2.5\spring-context-6.2.5.jar;C:\Users\vhflo\.m2\repository\org\springframework\spring-expression\6.2.5\spring-expression-6.2.5.jar;C:\Users\vhflo\.m2\repository\org\springframework\boot\spring-boot-devtools\3.4.4\spring-boot-devtools-3.4.4.jar;C:\Users\vhflo\.m2\repository\org\springframework\boot\spring-boot\3.4.4\spring-boot-3.4.4.jar;C:\Users\vhflo\.m2\repository\org\springframework\boot\spring-boot-autoconfigure\3.4.4\spring-boot-autoconfigure-3.4.4.jar;C:\Users\vhflo\.m2\repository\org\springframework\boot\spring-boot-starter-tomcat\3.4.4\spring-boot-starter-tomcat-3.4.4.jar;C:\Users\vhflo\.m2\repository\jakarta\annotation\jakarta.annotation-api\2.1.1\jakarta.annotation-api-2.1.1.jar;C:\Users\vhflo\.m2\repository\org\apache\tomcat\embed\tomcat-embed-core\10.1.39\tomcat-embed-core-10.1.39.jar;C:\Users\vhflo\.m2\repository\org\apache\tomcat\embed\tomcat-embed-el\10.1.39\tomcat-embed-el-10.1.39.jar;C:\Users\vhflo\.m2\repository\org\apache\tomcat\embed\tomcat-embed-websocket\10.1.39\tomcat-embed-websocket-10.1.39.jar;C:\Users\vhflo\.m2\repository\org\slf4j\slf4j-api\2.0.17\slf4j-api-2.0.17.jar;C:\Users\vhflo\.m2\repository\org\springframework\spring-core\6.2.5\spring-core-6.2.5.jar;C:\Users\vhflo\.m2\repository\org\springframework\spring-jcl\6.2.5\spring-jcl-6.2.5.jar;C:\Users\vhflo\.m2\repository\org\postgresql\postgresql\42.7.1\postgresql-42.7.1.jar;C:\Users\vhflo\.m2\repository\org\checkerframework\checker-qual\3.41.0\checker-qual-3.41.0.jar
Launcher Type: SUN_STANDARD

[Global flags]
     intx CICompilerCount                          = 3                                         {product} {ergonomic}
     uint ConcGCThreads                            = 1                                         {product} {ergonomic}
     bool FlightRecorder                           = true                                      {product} {management}
     uint G1ConcRefinementThreads                  = 4                                         {product} {ergonomic}
   size_t G1HeapRegionSize                         = 2097152                                   {product} {ergonomic}
   size_t InitialHeapSize                          = 268435456                                 {product} {ergonomic}
     bool ManagementServer                         = true                                      {product} {command line}
   size_t MarkStackSize                            = 4194304                                   {product} {ergonomic}
   size_t MarkStackSizeMax                         = 536870912                                 {product} {ergonomic}
   size_t MaxHeapSize                              = 4280287232                                {product} {ergonomic}
   size_t MaxNewSize                               = 2566914048                                {product} {ergonomic}
   size_t MinHeapDeltaBytes                        = 2097152                                   {product} {ergonomic}
   size_t MinHeapSize                              = 8388608                                   {product} {ergonomic}
    uintx NonNMethodCodeHeapSize                   = 4096                                   {pd product} {ergonomic}
    uintx NonProfiledCodeHeapSize                  = 0                                      {pd product} {ergonomic}
     bool ProfileInterpreter                       = false                                  {pd product} {command line}
    uintx ProfiledCodeHeapSize                     = 0                                      {pd product} {ergonomic}
   size_t SoftMaxHeapSize                          = 4280287232                             {manageable} {ergonomic}
     intx TieredStopAtLevel                        = 1                                         {product} {command line}
     bool UseCompressedOops                        = true                           {product lp64_product} {ergonomic}
     bool UseG1GC                                  = true                                      {product} {ergonomic}
     bool UseLargePagesIndividualAllocation        = false                                  {pd product} {ergonomic}

Logging:
Log output configuration:
 #0: stdout all=warning uptime,level,tags foldmultilines=false
 #1: stderr all=off uptime,level,tags foldmultilines=false

Environment Variables:
PATH=C:\Windows\system32;C:\Windows;C:\Windows\System32\Wbem;C:\Windows\System32\WindowsPowerShell\v1.0\;C:\Windows\System32\OpenSSH\;C:\Program Files (x86)\AMD\ATI.ACE\Core-Static;C:\Program Files\Git\cmd;C:\Users\vhflo\AppData\Local\Microsoft\WindowsApps;C:\Users\vhflo\AppData\Local\Programs\Microsoft VS Code\bin
USERNAME=vhflo
OS=Windows_NT
PROCESSOR_IDENTIFIER=Intel64 Family 6 Model 158 Stepping 10, GenuineIntel
TMP=C:\Users\vhflo\AppData\Local\Temp
TEMP=C:\Users\vhflo\AppData\Local\Temp




Periodic native trim disabled

---------------  S Y S T E M  ---------------

OS:
 Windows 10 , 64 bit Build 19041 (10.0.19041.5794)
OS uptime: 3 days 0:54 hours

CPU: total 4 (initial active 4) (4 cores per cpu, 1 threads per core) family 6 model 158 stepping 10 microcode 0xd6, cx8, cmov, fxsr, mmx, 3dnowpref, sse, sse2, sse3, ssse3, sse4.1, sse4.2, popcnt, lzcnt, tsc, tscinvbit, avx, avx2, aes, erms, clmul, bmi1, bmi2, adx, fma, vzeroupper, clflush, clflushopt, rdtscp, f16c
Processor Information for the first 4 processors :
  Max Mhz: 3600, Current Mhz: 3600, Mhz Limit: 3600

Memory: 4k page, system-wide physical 16324M (5823M free)
TotalPageFile size 18756M (AvailPageFile size 6557M)
current process WorkingSet (physical memory assigned to process): 157M, peak: 172M
current process commit charge ("private bytes"): 213M, peak: 377M

vm_info: OpenJDK 64-Bit Server VM (24.0.1+9-30) for windows-amd64 JRE (24.0.1+9-30), built on 2025-03-05T07:23:45Z with MS VC++ 17.6 (VS2022)

END.
